This file contains any messages produced by compilers while
running configure, to aid debugging if configure makes a mistake.

It was created by libcharset configure 1.5, which was
generated by GNU Autoconf 2.71.  Invocation command line was

  $ ./configure --disable-option-checking --prefix=/usr/local/ps2dev/ps2sdk/ports --host=mips64r5900el-ps2-elf --target=mips64r5900el-ps2-elf host_alias=mips64r5900el-ps2-elf target_alias=mips64r5900el-ps2-elf --cache-file=/dev/null --srcdir=.

## --------- ##
## Platform. ##
## --------- ##

hostname = 7640aca094d1
uname -m = x86_64
uname -r = 5.15.49-linuxkit
uname -s = Linux
uname -v = #1 SMP Tue Sep 13 07:51:46 UTC 2022

/usr/bin/uname -p = unknown
/bin/uname -X     = unknown

/bin/arch              = x86_64
/usr/bin/arch -k       = unknown
/usr/convex/getsysinfo = unknown
/usr/bin/hostinfo      = unknown
/bin/machine           = unknown
/usr/bin/oslevel       = unknown
/bin/universe          = unknown

PATH: /root/.vscode-server/bin/6261075646f055b99068d3688932416f2346dd3b/bin/remote-cli/
PATH: /usr/local/sbin/
PATH: /usr/local/bin/
PATH: /usr/sbin/
PATH: /usr/bin/
PATH: /sbin/
PATH: /bin/
PATH: /usr/local/ps2dev/bin/
PATH: /usr/local/ps2dev/ee/bin/
PATH: /usr/local/ps2dev/iop/bin/
PATH: /usr/local/ps2dev/dvp/bin/
PATH: /usr/local/ps2dev/ps2sdk/bin/


## ----------- ##
## Core tests. ##
## ----------- ##

configure:2410: looking for aux files: ltmain.sh config.guess config.sub install-sh
configure:2423:  trying ./build-aux/
configure:2452:   ./build-aux/ltmain.sh found
configure:2452:   ./build-aux/config.guess found
configure:2452:   ./build-aux/config.sub found
configure:2434:   ./build-aux/install-sh found
configure:2567: checking whether make sets $(MAKE)
configure:2590: result: yes
configure:2618: checking for mips64r5900el-ps2-elf-gcc
configure:2639: found /usr/local/ps2dev/ee/bin/mips64r5900el-ps2-elf-gcc
configure:2650: result: mips64r5900el-ps2-elf-gcc
configure:3048: checking for C compiler version
configure:3057: mips64r5900el-ps2-elf-gcc --version >&5
mips64r5900el-ps2-elf-gcc (GCC) 11.3.0
Copyright (C) 2021 Free Software Foundation, Inc.
This is free software; see the source for copying conditions.  There is NO
warranty; not even for MERCHANTABILITY or FITNESS FOR A PARTICULAR PURPOSE.

configure:3068: $? = 0
configure:3057: mips64r5900el-ps2-elf-gcc -v >&5
Using built-in specs.
COLLECT_GCC=mips64r5900el-ps2-elf-gcc
COLLECT_LTO_WRAPPER=/usr/local/ps2dev/ee/libexec/gcc/mips64r5900el-ps2-elf/11.3.0/lto-wrapper
Target: mips64r5900el-ps2-elf
Configured with: ../configure --quiet --prefix=/usr/local/ps2dev/ee --target=mips64r5900el-ps2-elf --enable-languages=c,c++ --with-float=hard --with-sysroot=/usr/local/ps2dev/ee/mips64r5900el-ps2-elf --with-newlib --disable-libssp --disable-multilib --disable-tls --enable-cxx-flags=-G0 --enable-threads=posix --silent
Thread model: posix
Supported LTO compression algorithms: zlib
gcc version 11.3.0 (GCC) 
configure:3068: $? = 0
configure:3057: mips64r5900el-ps2-elf-gcc -V >&5
mips64r5900el-ps2-elf-gcc: error: unrecognized command-line option '-V'
mips64r5900el-ps2-elf-gcc: fatal error: no input files
compilation terminated.
configure:3068: $? = 1
configure:3057: mips64r5900el-ps2-elf-gcc -qversion >&5
mips64r5900el-ps2-elf-gcc: error: unrecognized command-line option '-qversion'; did you mean '--version'?
mips64r5900el-ps2-elf-gcc: fatal error: no input files
compilation terminated.
configure:3068: $? = 1
configure:3057: mips64r5900el-ps2-elf-gcc -version >&5
mips64r5900el-ps2-elf-gcc: error: unrecognized command-line option '-version'
mips64r5900el-ps2-elf-gcc: fatal error: no input files
compilation terminated.
configure:3068: $? = 1
configure:3088: checking whether the C compiler works
configure:3110: mips64r5900el-ps2-elf-gcc    conftest.c  >&5
configure:3114: $? = 0
configure:3164: result: yes
configure:3167: checking for C compiler default output file name
configure:3169: result: a.out
configure:3175: checking for suffix of executables
configure:3182: mips64r5900el-ps2-elf-gcc -o conftest    conftest.c  >&5
configure:3186: $? = 0
configure:3209: result: 
configure:3231: checking whether we are cross compiling
configure:3239: mips64r5900el-ps2-elf-gcc -o conftest    conftest.c  >&5
configure:3243: $? = 0
configure:3250: ./conftest
./conftest: line 1: syntax error: unexpected "(" (expecting ")")
configure:3254: $? = 2
configure:3269: result: yes
configure:3274: checking for suffix of object files
configure:3297: mips64r5900el-ps2-elf-gcc -c   conftest.c >&5
configure:3301: $? = 0
configure:3323: result: o
configure:3327: checking whether the compiler supports GNU C
configure:3347: mips64r5900el-ps2-elf-gcc -c   conftest.c >&5
configure:3347: $? = 0
configure:3357: result: yes
configure:3368: checking whether mips64r5900el-ps2-elf-gcc accepts -g
configure:3389: mips64r5900el-ps2-elf-gcc -c -g  conftest.c >&5
configure:3389: $? = 0
configure:3433: result: yes
configure:3453: checking for mips64r5900el-ps2-elf-gcc option to enable C11 features
configure:3468: mips64r5900el-ps2-elf-gcc  -c -g -O2  conftest.c >&5
configure:3468: $? = 0
configure:3486: result: none needed
configure:3601: checking how to run the C preprocessor
configure:3627: mips64r5900el-ps2-elf-gcc -E  conftest.c
configure:3627: $? = 0
configure:3642: mips64r5900el-ps2-elf-gcc -E  conftest.c
conftest.c:9:10: fatal error: ac_nonexistent.h: No such file or directory
    9 | #include <ac_nonexistent.h>
      |          ^~~~~~~~~~~~~~~~~~
compilation terminated.
configure:3642: $? = 1
configure: failed program was:
| /* confdefs.h */
| #define PACKAGE_NAME "libcharset"
| #define PACKAGE_TARNAME "libcharset"
| #define PACKAGE_VERSION "1.5"
| #define PACKAGE_STRING "libcharset 1.5"
| #define PACKAGE_BUGREPORT ""
| #define PACKAGE_URL ""
| /* end confdefs.h.  */
| #include <ac_nonexistent.h>
configure:3669: result: mips64r5900el-ps2-elf-gcc -E
configure:3683: mips64r5900el-ps2-elf-gcc -E  conftest.c
configure:3683: $? = 0
configure:3698: mips64r5900el-ps2-elf-gcc -E  conftest.c
conftest.c:9:10: fatal error: ac_nonexistent.h: No such file or directory
    9 | #include <ac_nonexistent.h>
      |          ^~~~~~~~~~~~~~~~~~
compilation terminated.
configure:3698: $? = 1
configure: failed program was:
| /* confdefs.h */
| #define PACKAGE_NAME "libcharset"
| #define PACKAGE_TARNAME "libcharset"
| #define PACKAGE_VERSION "1.5"
| #define PACKAGE_STRING "libcharset 1.5"
| #define PACKAGE_BUGREPORT ""
| #define PACKAGE_URL ""
| /* end confdefs.h.  */
| #include <ac_nonexistent.h>
configure:3744: checking for a BSD-compatible install
configure:3817: result: /usr/bin/install -c
configure:3836: checking build system type
configure:3851: result: x86_64-pc-linux-musl
configure:3871: checking host system type
configure:3885: result: mips64r5900el-ps2-elf
configure:3914: checking for stdio.h
configure:3914: mips64r5900el-ps2-elf-gcc -c -g -O2  conftest.c >&5
configure:3914: $? = 0
configure:3914: result: yes
configure:3914: checking for stdlib.h
configure:3914: mips64r5900el-ps2-elf-gcc -c -g -O2  conftest.c >&5
configure:3914: $? = 0
configure:3914: result: yes
configure:3914: checking for string.h
configure:3914: mips64r5900el-ps2-elf-gcc -c -g -O2  conftest.c >&5
configure:3914: $? = 0
configure:3914: result: yes
configure:3914: checking for inttypes.h
configure:3914: mips64r5900el-ps2-elf-gcc -c -g -O2  conftest.c >&5
configure:3914: $? = 0
configure:3914: result: yes
configure:3914: checking for stdint.h
configure:3914: mips64r5900el-ps2-elf-gcc -c -g -O2  conftest.c >&5
configure:3914: $? = 0
configure:3914: result: yes
configure:3914: checking for strings.h
configure:3914: mips64r5900el-ps2-elf-gcc -c -g -O2  conftest.c >&5
configure:3914: $? = 0
configure:3914: result: yes
configure:3914: checking for sys/stat.h
configure:3914: mips64r5900el-ps2-elf-gcc -c -g -O2  conftest.c >&5
configure:3914: $? = 0
configure:3914: result: yes
configure:3914: checking for sys/types.h
configure:3914: mips64r5900el-ps2-elf-gcc -c -g -O2  conftest.c >&5
configure:3914: $? = 0
configure:3914: result: yes
configure:3914: checking for unistd.h
configure:3914: mips64r5900el-ps2-elf-gcc -c -g -O2  conftest.c >&5
configure:3914: $? = 0
configure:3914: result: yes
configure:3914: checking for wchar.h
configure:3914: mips64r5900el-ps2-elf-gcc -c -g -O2  conftest.c >&5
configure:3914: $? = 0
configure:3914: result: yes
configure:3914: checking for minix/config.h
configure:3914: mips64r5900el-ps2-elf-gcc -c -g -O2  conftest.c >&5
conftest.c:47:10: fatal error: minix/config.h: No such file or directory
   47 | #include <minix/config.h>
      |          ^~~~~~~~~~~~~~~~
compilation terminated.
configure:3914: $? = 1
configure: failed program was:
| /* confdefs.h */
| #define PACKAGE_NAME "libcharset"
| #define PACKAGE_TARNAME "libcharset"
| #define PACKAGE_VERSION "1.5"
| #define PACKAGE_STRING "libcharset 1.5"
| #define PACKAGE_BUGREPORT ""
| #define PACKAGE_URL ""
| #define HAVE_STDIO_H 1
| #define HAVE_STDLIB_H 1
| #define HAVE_STRING_H 1
| #define HAVE_INTTYPES_H 1
| #define HAVE_STDINT_H 1
| #define HAVE_STRINGS_H 1
| #define HAVE_SYS_STAT_H 1
| #define HAVE_SYS_TYPES_H 1
| #define HAVE_UNISTD_H 1
| #define HAVE_WCHAR_H 1
| /* end confdefs.h.  */
| #include <stddef.h>
| #ifdef HAVE_STDIO_H
| # include <stdio.h>
| #endif
| #ifdef HAVE_STDLIB_H
| # include <stdlib.h>
| #endif
| #ifdef HAVE_STRING_H
| # include <string.h>
| #endif
| #ifdef HAVE_INTTYPES_H
| # include <inttypes.h>
| #endif
| #ifdef HAVE_STDINT_H
| # include <stdint.h>
| #endif
| #ifdef HAVE_STRINGS_H
| # include <strings.h>
| #endif
| #ifdef HAVE_SYS_TYPES_H
| # include <sys/types.h>
| #endif
| #ifdef HAVE_SYS_STAT_H
| # include <sys/stat.h>
| #endif
| #ifdef HAVE_UNISTD_H
| # include <unistd.h>
| #endif
| #include <minix/config.h>
configure:3914: result: no
configure:3945: checking whether it is safe to define __EXTENSIONS__
configure:3964: mips64r5900el-ps2-elf-gcc -c -g -O2  conftest.c >&5
configure:3964: $? = 0
configure:3972: result: yes
configure:3975: checking whether _XOPEN_SOURCE should be defined
configure:3997: mips64r5900el-ps2-elf-gcc -c -g -O2  conftest.c >&5
configure:3997: $? = 0
configure:4024: result: no
configure:4134: checking how to print strings
configure:4161: result: printf
configure:4182: checking for a sed that does not truncate output
configure:4252: result: /bin/sed
configure:4270: checking for grep that handles long lines and -e
configure:4334: result: /bin/grep
configure:4339: checking for egrep
configure:4407: result: /bin/grep -E
configure:4412: checking for fgrep
configure:4480: result: /bin/grep -F
configure:4516: checking for ld used by mips64r5900el-ps2-elf-gcc
configure:4584: result: /usr/local/ps2dev/ee/mips64r5900el-ps2-elf/bin/ld
configure:4591: checking if the linker (/usr/local/ps2dev/ee/mips64r5900el-ps2-elf/bin/ld) is GNU ld
configure:4607: result: yes
configure:4619: checking for BSD- or MS-compatible name lister (nm)
configure:4674: result: /usr/local/ps2dev/ee/bin/mips64r5900el-ps2-elf-nm -B
configure:4814: checking the name lister (/usr/local/ps2dev/ee/bin/mips64r5900el-ps2-elf-nm -B) interface
configure:4822: mips64r5900el-ps2-elf-gcc -c -g -O2  conftest.c >&5
configure:4825: /usr/local/ps2dev/ee/bin/mips64r5900el-ps2-elf-nm -B "conftest.o"
configure:4828: output
00000000 B some_variable
configure:4835: result: BSD nm
configure:4838: checking whether ln -s works
configure:4842: result: yes
configure:4850: checking the maximum length of command line arguments
configure:4982: result: 98304
configure:5030: checking how to convert x86_64-pc-linux-musl file names to mips64r5900el-ps2-elf format
configure:5071: result: func_convert_file_noop
configure:5078: checking how to convert x86_64-pc-linux-musl file names to toolchain format
configure:5099: result: func_convert_file_noop
configure:5106: checking for /usr/local/ps2dev/ee/mips64r5900el-ps2-elf/bin/ld option to reload object files
configure:5114: result: -r
configure:5148: checking for mips64r5900el-ps2-elf-file
configure:5183: result: no
configure:5193: checking for file
configure:5228: result: no
configure:5256: checking for mips64r5900el-ps2-elf-objdump
configure:5277: found /usr/local/ps2dev/ee/bin/mips64r5900el-ps2-elf-objdump
configure:5288: result: mips64r5900el-ps2-elf-objdump
configure:5362: checking how to recognize dependent libraries
configure:5563: result: unknown
configure:5608: checking for mips64r5900el-ps2-elf-dlltool
configure:5643: result: no
configure:5653: checking for dlltool
configure:5688: result: no
configure:5715: checking how to associate runtime and link libraries
configure:5743: result: printf %s\n
configure:5759: checking for mips64r5900el-ps2-elf-ar
configure:5780: found /usr/local/ps2dev/ee/bin/mips64r5900el-ps2-elf-ar
configure:5791: result: mips64r5900el-ps2-elf-ar
configure:5893: checking for archiver @FILE support
configure:5911: mips64r5900el-ps2-elf-gcc -c -g -O2  conftest.c >&5
configure:5911: $? = 0
configure:5915: mips64r5900el-ps2-elf-ar cr libconftest.a @conftest.lst >&5
configure:5918: $? = 0
configure:5923: mips64r5900el-ps2-elf-ar cr libconftest.a @conftest.lst >&5
mips64r5900el-ps2-elf-ar: conftest.o: No such file or directory
configure:5926: $? = 1
configure:5938: result: @
configure:5956: checking for mips64r5900el-ps2-elf-strip
configure:5977: found /usr/local/ps2dev/ee/bin/mips64r5900el-ps2-elf-strip
configure:5988: result: mips64r5900el-ps2-elf-strip
configure:6065: checking for mips64r5900el-ps2-elf-ranlib
configure:6086: found /usr/local/ps2dev/ee/bin/mips64r5900el-ps2-elf-ranlib
configure:6097: result: mips64r5900el-ps2-elf-ranlib
configure:6219: checking for gawk
configure:6254: result: no
configure:6219: checking for mawk
configure:6254: result: no
configure:6219: checking for nawk
configure:6254: result: no
configure:6219: checking for awk
configure:6240: found /usr/bin/awk
configure:6251: result: awk
configure:6291: checking command to parse /usr/local/ps2dev/ee/bin/mips64r5900el-ps2-elf-nm -B output from mips64r5900el-ps2-elf-gcc object
configure:6445: mips64r5900el-ps2-elf-gcc -c -g -O2  conftest.c >&5
configure:6448: $? = 0
configure:6452: /usr/local/ps2dev/ee/bin/mips64r5900el-ps2-elf-nm -B conftest.o \| /bin/sed -n -e 's/^.*[ ]\([ABCDGIRSTW][ABCDGIRSTW]*\)[ ][ ]*\([_A-Za-z][_A-Za-z0-9]*\)$/\1 \2 \2/p' | /bin/sed '/ __gnu_lto/d' \> conftest.nm
configure:6455: $? = 0
configure:6521: mips64r5900el-ps2-elf-gcc -o conftest -g -O2   conftest.c conftstm.o >&5
configure:6524: $? = 0
configure:6562: result: ok
configure:6609: checking for sysroot
configure:6640: result: no
configure:6647: checking for a working dd
configure:6691: result: /bin/dd
configure:6695: checking how to truncate binary pipes
configure:6711: result: /bin/dd bs=4096 count=1
configure:7003: checking for mips64r5900el-ps2-elf-mt
configure:7038: result: no
configure:7048: checking for mt
configure:7083: result: no
configure:7103: checking if : is a manifest tool
configure:7110: : '-?'
configure:7118: result: no
configure:7839: checking for dlfcn.h
configure:7839: mips64r5900el-ps2-elf-gcc -c -g -O2  conftest.c >&5
conftest.c:65:10: fatal error: dlfcn.h: No such file or directory
   65 | #include <dlfcn.h>
      |          ^~~~~~~~~
compilation terminated.
configure:7839: $? = 1
configure: failed program was:
| /* confdefs.h */
| #define PACKAGE_NAME "libcharset"
| #define PACKAGE_TARNAME "libcharset"
| #define PACKAGE_VERSION "1.5"
| #define PACKAGE_STRING "libcharset 1.5"
| #define PACKAGE_BUGREPORT ""
| #define PACKAGE_URL ""
| #define HAVE_STDIO_H 1
| #define HAVE_STDLIB_H 1
| #define HAVE_STRING_H 1
| #define HAVE_INTTYPES_H 1
| #define HAVE_STDINT_H 1
| #define HAVE_STRINGS_H 1
| #define HAVE_SYS_STAT_H 1
| #define HAVE_SYS_TYPES_H 1
| #define HAVE_UNISTD_H 1
| #define HAVE_WCHAR_H 1
| #define STDC_HEADERS 1
| #define _ALL_SOURCE 1
| #define _DARWIN_C_SOURCE 1
| #define _GNU_SOURCE 1
| #define _HPUX_ALT_XOPEN_SOCKET_API 1
| #define _NETBSD_SOURCE 1
| #define _OPENBSD_SOURCE 1
| #define _POSIX_PTHREAD_SEMANTICS 1
| #define __STDC_WANT_IEC_60559_ATTRIBS_EXT__ 1
| #define __STDC_WANT_IEC_60559_BFP_EXT__ 1
| #define __STDC_WANT_IEC_60559_DFP_EXT__ 1
| #define __STDC_WANT_IEC_60559_FUNCS_EXT__ 1
| #define __STDC_WANT_IEC_60559_TYPES_EXT__ 1
| #define __STDC_WANT_LIB_EXT2__ 1
| #define __STDC_WANT_MATH_SPEC_FUNCS__ 1
| #define _TANDEM_SOURCE 1
| #define __EXTENSIONS__ 1
| /* end confdefs.h.  */
| #include <stddef.h>
| #ifdef HAVE_STDIO_H
| # include <stdio.h>
| #endif
| #ifdef HAVE_STDLIB_H
| # include <stdlib.h>
| #endif
| #ifdef HAVE_STRING_H
| # include <string.h>
| #endif
| #ifdef HAVE_INTTYPES_H
| # include <inttypes.h>
| #endif
| #ifdef HAVE_STDINT_H
| # include <stdint.h>
| #endif
| #ifdef HAVE_STRINGS_H
| # include <strings.h>
| #endif
| #ifdef HAVE_SYS_TYPES_H
| # include <sys/types.h>
| #endif
| #ifdef HAVE_SYS_STAT_H
| # include <sys/stat.h>
| #endif
| #ifdef HAVE_UNISTD_H
| # include <unistd.h>
| #endif
| 
| #include <dlfcn.h>
configure:7839: result: no
configure:8426: checking for objdir
configure:8442: result: .libs
configure:8706: checking if mips64r5900el-ps2-elf-gcc supports -fno-rtti -fno-exceptions
configure:8725: mips64r5900el-ps2-elf-gcc -c -g -O2  -fno-rtti -fno-exceptions conftest.c >&5
cc1: warning: command-line option '-fno-rtti' is valid for C++/D/ObjC++ but not for C
configure:8729: $? = 0
configure:8742: result: no
configure:9100: checking for mips64r5900el-ps2-elf-gcc option to produce PIC
configure:9108: result: -fPIC -DPIC
configure:9116: checking if mips64r5900el-ps2-elf-gcc PIC flag -fPIC -DPIC works
configure:9135: mips64r5900el-ps2-elf-gcc -c -g -O2  -fPIC -DPIC -DPIC conftest.c >&5
cc1: error: position-independent code requires '-mabicalls'
configure:9139: $? = 1
configure:9152: result: no
configure:9181: checking if mips64r5900el-ps2-elf-gcc static flag -static works
configure:9210: result: yes
configure:9225: checking if mips64r5900el-ps2-elf-gcc supports -c -o file.o
configure:9247: mips64r5900el-ps2-elf-gcc -c -g -O2  -o out/conftest2.o conftest.c >&5
configure:9251: $? = 0
configure:9273: result: yes
configure:9281: checking if mips64r5900el-ps2-elf-gcc supports -c -o file.o
configure:9329: result: yes
configure:9362: checking whether the mips64r5900el-ps2-elf-gcc linker (/usr/local/ps2dev/ee/mips64r5900el-ps2-elf/bin/ld) supports shared libraries
configure:10630: result: yes
configure:10667: checking whether -lc should be explicitly linked in
configure:10676: mips64r5900el-ps2-elf-gcc -c -g -O2  conftest.c >&5
configure:10679: $? = 0
configure:10694: mips64r5900el-ps2-elf-gcc -shared  conftest.o  -v -Wl,-soname -Wl,conftest -o conftest 2\>\&1 \| /bin/grep  -lc  \>/dev/null 2\>\&1
configure:10697: $? = 0
configure:10711: result: no
configure:10871: checking dynamic linker characteristics
configure:11692: result: no
configure:11814: checking how to hardcode library paths into programs
configure:11839: result: immediate
configure:12391: checking whether stripping libraries is possible
configure:12400: result: yes
configure:12442: checking if libtool supports shared libraries
configure:12444: result: no
configure:12447: checking whether to build shared libraries
configure:12472: result: no
configure:12475: checking whether to build static libraries
configure:12479: result: yes
configure:12540: checking for ld
configure:12671: result: /usr/local/ps2dev/ee/mips64r5900el-ps2-elf/bin/ld
configure:12678: checking if the linker (/usr/local/ps2dev/ee/mips64r5900el-ps2-elf/bin/ld) is GNU ld
configure:12694: result: yes
configure:12700: checking for shared library path variable
configure:12714: result: none
configure:12719: checking whether to activate relocatable installation
configure:12735: result: no
configure:12895: checking whether the -Werror option is usable
configure:12914: mips64r5900el-ps2-elf-gcc -c -g -O2 -Werror  conftest.c >&5
configure:12914: $? = 0
configure:12924: result: yes
configure:12926: checking for simple visibility declarations
configure:12958: mips64r5900el-ps2-elf-gcc -c -g -O2 -fvisibility=hidden -Werror  conftest.c >&5
configure:12958: $? = 0
configure:12968: result: yes
configure:12984: checking for nl_langinfo and CODESET
configure:13001: mips64r5900el-ps2-elf-gcc -o conftest -g -O2   conftest.c  >&5
configure:13001: $? = 0
configure:13011: result: yes
configure:13023: checking for symlink
configure:13023: mips64r5900el-ps2-elf-gcc -o conftest -g -O2   conftest.c  >&5
configure:13023: $? = 0
configure:13023: result: yes
configure:13037: checking for working fcntl.h
configure:13165: result: cross-compiling
configure:13184: checking for setlocale
configure:13184: mips64r5900el-ps2-elf-gcc -o conftest -g -O2   conftest.c  >&5
configure:13184: $? = 0
configure:13184: result: yes
configure:13326: creating ./config.status

## ---------------------- ##
## Running config.status. ##
## ---------------------- ##

This file was extended by libcharset config.status 1.5, which was
generated by GNU Autoconf 2.71.  Invocation command line was

  CONFIG_FILES    = 
  CONFIG_HEADERS  = 
  CONFIG_LINKS    = 
  CONFIG_COMMANDS = 
  $ ./config.status 

on 7640aca094d1

config.status:1083: creating Makefile
config.status:1083: creating lib/Makefile
config.status:1083: creating include/libcharset.h
config.status:1083: creating include/libcharset.h.inst
config.status:1083: creating include/localcharset.h
config.status:1083: creating include/localcharset.h.inst
config.status:1083: creating config.h
config.status:1272: executing libtool commands

## ---------------- ##
## Cache variables. ##
## ---------------- ##

ac_cv_build='x86_64-pc-linux-musl'
ac_cv_c_compiler_gnu='yes'
ac_cv_env_CC_set=''
ac_cv_env_CC_value=''
ac_cv_env_CFLAGS_set=''
ac_cv_env_CFLAGS_value=''
ac_cv_env_CPPFLAGS_set=''
ac_cv_env_CPPFLAGS_value=''
ac_cv_env_CPP_set=''
ac_cv_env_CPP_value=''
ac_cv_env_LDFLAGS_set=''
ac_cv_env_LDFLAGS_value=''
ac_cv_env_LIBS_set=''
ac_cv_env_LIBS_value=''
ac_cv_env_LT_SYS_LIBRARY_PATH_set=''
ac_cv_env_LT_SYS_LIBRARY_PATH_value=''
ac_cv_env_build_alias_set=''
ac_cv_env_build_alias_value=''
ac_cv_env_host_alias_set='set'
ac_cv_env_host_alias_value='mips64r5900el-ps2-elf'
ac_cv_env_target_alias_set='set'
ac_cv_env_target_alias_value='mips64r5900el-ps2-elf'
ac_cv_func_setlocale='yes'
ac_cv_func_symlink='yes'
ac_cv_header_dlfcn_h='no'
ac_cv_header_inttypes_h='yes'
ac_cv_header_minix_config_h='no'
ac_cv_header_stdint_h='yes'
ac_cv_header_stdio_h='yes'
ac_cv_header_stdlib_h='yes'
ac_cv_header_string_h='yes'
ac_cv_header_strings_h='yes'
ac_cv_header_sys_stat_h='yes'
ac_cv_header_sys_types_h='yes'
ac_cv_header_unistd_h='yes'
ac_cv_header_wchar_h='yes'
ac_cv_host='mips64r5900el-ps2-elf'
ac_cv_objext='o'
ac_cv_path_EGREP='/bin/grep -E'
ac_cv_path_FGREP='/bin/grep -F'
ac_cv_path_GREP='/bin/grep'
ac_cv_path_SED='/bin/sed'
ac_cv_path_install='/usr/bin/install -c'
ac_cv_path_lt_DD='/bin/dd'
ac_cv_prog_AR='mips64r5900el-ps2-elf-ar'
ac_cv_prog_AWK='awk'
ac_cv_prog_CC='mips64r5900el-ps2-elf-gcc'
ac_cv_prog_CPP='mips64r5900el-ps2-elf-gcc -E'
ac_cv_prog_OBJDUMP='mips64r5900el-ps2-elf-objdump'
ac_cv_prog_RANLIB='mips64r5900el-ps2-elf-ranlib'
ac_cv_prog_STRIP='mips64r5900el-ps2-elf-strip'
ac_cv_prog_cc_c11=''
ac_cv_prog_cc_g='yes'
ac_cv_prog_cc_stdc=''
ac_cv_prog_make_make_set='yes'
ac_cv_safe_to_define___extensions__='yes'
ac_cv_should_define__xopen_source='no'
acl_cv_libpath='none'
acl_cv_prog_gnu_ld='yes'
acl_cv_shlibpath_var=''
am_cv_langinfo_codeset='yes'
gl_cv_cc_vis_werror='yes'
gl_cv_cc_visibility='yes'
gl_cv_header_working_fcntl_h='cross-compiling'
lt_cv_ar_at_file='@'
lt_cv_archive_cmds_need_lc='no'
lt_cv_deplibs_check_method='unknown'
lt_cv_file_magic_cmd='$MAGIC_CMD'
lt_cv_file_magic_test_file=''
lt_cv_ld_reload_flag='-r'
lt_cv_nm_interface='BSD nm'
lt_cv_objdir='.libs'
lt_cv_path_LD='/usr/local/ps2dev/ee/mips64r5900el-ps2-elf/bin/ld'
lt_cv_path_NM='/usr/local/ps2dev/ee/bin/mips64r5900el-ps2-elf-nm -B'
lt_cv_path_mainfest_tool='no'
lt_cv_prog_compiler_c_o='yes'
lt_cv_prog_compiler_pic='-fPIC -DPIC'
lt_cv_prog_compiler_pic_works='no'
lt_cv_prog_compiler_rtti_exceptions='no'
lt_cv_prog_compiler_static_works='yes'
lt_cv_prog_gnu_ld='yes'
lt_cv_sharedlib_from_linklib_cmd='printf %s\n'
lt_cv_sys_global_symbol_pipe='/bin/sed -n -e '"'"'s/^.*[	 ]\([ABCDGIRSTW][ABCDGIRSTW]*\)[	 ][	 ]*\([_A-Za-z][_A-Za-z0-9]*\)$/\1 \2 \2/p'"'"' | /bin/sed '"'"'/ __gnu_lto/d'"'"
lt_cv_sys_global_symbol_to_c_name_address='/bin/sed -n -e '"'"'s/^: \(.*\) .*$/  {"\1", (void *) 0},/p'"'"' -e '"'"'s/^[ABCDGIRSTW][ABCDGIRSTW]* .* \(.*\)$/  {"\1", (void *) \&\1},/p'"'"
lt_cv_sys_global_symbol_to_c_name_address_lib_prefix='/bin/sed -n -e '"'"'s/^: \(.*\) .*$/  {"\1", (void *) 0},/p'"'"' -e '"'"'s/^[ABCDGIRSTW][ABCDGIRSTW]* .* \(lib.*\)$/  {"\1", (void *) \&\1},/p'"'"' -e '"'"'s/^[ABCDGIRSTW][ABCDGIRSTW]* .* \(.*\)$/  {"lib\1", (void *) \&\1},/p'"'"
lt_cv_sys_global_symbol_to_cdecl='/bin/sed -n -e '"'"'s/^T .* \(.*\)$/extern int \1();/p'"'"' -e '"'"'s/^[ABCDGIRSTW][ABCDGIRSTW]* .* \(.*\)$/extern char \1;/p'"'"
lt_cv_sys_global_symbol_to_import=''
lt_cv_sys_max_cmd_len='98304'
lt_cv_to_host_file_cmd='func_convert_file_noop'
lt_cv_to_tool_file_cmd='func_convert_file_noop'
lt_cv_truncate_bin='/bin/dd bs=4096 count=1'

## ----------------- ##
## Output variables. ##
## ----------------- ##

AR='mips64r5900el-ps2-elf-ar'
AS='as'
AWK='awk'
CC='mips64r5900el-ps2-elf-gcc'
CFLAGS='-g -O2'
CFLAG_VISIBILITY='-fvisibility=hidden'
CPP='mips64r5900el-ps2-elf-gcc -E'
CPPFLAGS=''
DEFS='-DHAVE_CONFIG_H'
DLLTOOL='false'
DSYMUTIL=''
DUMPBIN=''
ECHO_C=''
ECHO_N='-n'
ECHO_T=''
EGREP='/bin/grep -E'
EXEEXT=''
FGREP='/bin/grep -F'
FILECMD=':'
GREP='/bin/grep'
HAVE_VISIBILITY='1'
INSTALL_DATA='${INSTALL} -m 644'
INSTALL_PROGRAM='${INSTALL}'
INSTALL_PROGRAM_ENV=''
INSTALL_SCRIPT='${INSTALL}'
LD='/usr/local/ps2dev/ee/mips64r5900el-ps2-elf/bin/ld'
LDFLAGS=''
LIBOBJS=''
LIBS=''
LIBTOOL='/bin/sh $(top_builddir)/libtool'
LIPO=''
LN_S='ln -s'
LTLIBOBJS=''
LT_SYS_LIBRARY_PATH=''
MANIFEST_TOOL=':'
NM='/usr/local/ps2dev/ee/bin/mips64r5900el-ps2-elf-nm -B'
NMEDIT=''
OBJDUMP='mips64r5900el-ps2-elf-objdump'
OBJEXT='o'
OTOOL64=''
OTOOL=''
PACKAGE_BUGREPORT=''
PACKAGE_NAME='libcharset'
PACKAGE_STRING='libcharset 1.5'
PACKAGE_TARNAME='libcharset'
PACKAGE_URL=''
PACKAGE_VERSION='1.5'
PATH_SEPARATOR=':'
RANLIB='mips64r5900el-ps2-elf-ranlib'
RELOCATABLE='no'
RELOCATABLE_BUILD_DIR='$(top_builddir)/'
RELOCATABLE_CONFIG_H_DIR='$(top_builddir)'
RELOCATABLE_LDFLAGS=''
RELOCATABLE_LIBRARY_PATH=''
RELOCATABLE_SRC_DIR='$(top_srcdir)/'
RELOCATABLE_STRIP=':'
RELOCATABLE_VIA_LD_FALSE=''
RELOCATABLE_VIA_LD_TRUE='#'
RELOCATABLE_VIA_WRAPPER_FALSE=''
RELOCATABLE_VIA_WRAPPER_TRUE='#'
SED='/bin/sed'
SET_MAKE=''
SHELL='/bin/sh'
STRIP='mips64r5900el-ps2-elf-strip'
ac_ct_AR=''
ac_ct_CC=''
ac_ct_DUMPBIN=''
bindir='${exec_prefix}/bin'
build='x86_64-pc-linux-musl'
build_alias=''
build_cpu='x86_64'
build_os='linux-musl'
build_vendor='pc'
datadir='${datarootdir}'
datarootdir='${prefix}/share'
docdir='${datarootdir}/doc/${PACKAGE_TARNAME}'
dvidir='${docdir}'
exec_prefix='${prefix}'
host='mips64r5900el-ps2-elf'
host_alias='mips64r5900el-ps2-elf'
host_cpu='mips64r5900el'
host_os='elf'
host_vendor='ps2'
htmldir='${docdir}'
includedir='${prefix}/include'
infodir='${datarootdir}/info'
libdir='${exec_prefix}/lib'
libexecdir='${exec_prefix}/libexec'
localedir='${datarootdir}/locale'
localstatedir='${prefix}/var'
mandir='${datarootdir}/man'
oldincludedir='/usr/include'
pdfdir='${docdir}'
prefix='/usr/local/ps2dev/ps2sdk/ports'
program_transform_name='s,x,x,'
psdir='${docdir}'
runstatedir='${localstatedir}/run'
sbindir='${exec_prefix}/sbin'
sharedstatedir='${prefix}/com'
sysconfdir='${prefix}/etc'
target_alias='mips64r5900el-ps2-elf'

## ----------- ##
## confdefs.h. ##
## ----------- ##

/* confdefs.h */
#define PACKAGE_NAME "libcharset"
#define PACKAGE_TARNAME "libcharset"
#define PACKAGE_VERSION "1.5"
#define PACKAGE_STRING "libcharset 1.5"
#define PACKAGE_BUGREPORT ""
#define PACKAGE_URL ""
#define HAVE_STDIO_H 1
#define HAVE_STDLIB_H 1
#define HAVE_STRING_H 1
#define HAVE_INTTYPES_H 1
#define HAVE_STDINT_H 1
#define HAVE_STRINGS_H 1
#define HAVE_SYS_STAT_H 1
#define HAVE_SYS_TYPES_H 1
#define HAVE_UNISTD_H 1
#define HAVE_WCHAR_H 1
#define STDC_HEADERS 1
#define _ALL_SOURCE 1
#define _DARWIN_C_SOURCE 1
#define _GNU_SOURCE 1
#define _HPUX_ALT_XOPEN_SOCKET_API 1
#define _NETBSD_SOURCE 1
#define _OPENBSD_SOURCE 1
#define _POSIX_PTHREAD_SEMANTICS 1
#define __STDC_WANT_IEC_60559_ATTRIBS_EXT__ 1
#define __STDC_WANT_IEC_60559_BFP_EXT__ 1
#define __STDC_WANT_IEC_60559_DFP_EXT__ 1
#define __STDC_WANT_IEC_60559_FUNCS_EXT__ 1
#define __STDC_WANT_IEC_60559_TYPES_EXT__ 1
#define __STDC_WANT_LIB_EXT2__ 1
#define __STDC_WANT_MATH_SPEC_FUNCS__ 1
#define _TANDEM_SOURCE 1
#define __EXTENSIONS__ 1
#define LT_OBJDIR ".libs/"
#define INSTALLPREFIX "/usr/local/ps2dev/ps2sdk/ports"
#define HAVE_VISIBILITY 1
#define HAVE_LANGINFO_CODESET 1
#define HAVE_SYMLINK 1
#define HAVE_WORKING_O_NOATIME 0
#define HAVE_WORKING_O_NOFOLLOW 0
#define HAVE_SETLOCALE 1

configure: exit 0
